  stdafx.cpp
  Lab1_ShevTem.cpp
g:\nure\3 курс\парп\parp_lab_1\lab1_shevtem\lab1_shevtem\lab1_shevtem.cpp(138): warning C4244: =: преобразование "__int64" в "DWORD", возможна потеря данных
g:\nure\3 курс\парп\parp_lab_1\lab1_shevtem\lab1_shevtem\lab1_shevtem.cpp(361): warning C4477: "wprintf": в строке форматирования "%d" требуется аргумент типа "int", но вариативный аргумент "1" имеет тип "time_t"
  g:\nure\3 курс\парп\parp_lab_1\lab1_shevtem\lab1_shevtem\lab1_shevtem.cpp(361): note: рекомендуется использовать "%lld" в строке форматирования
  g:\nure\3 курс\парп\parp_lab_1\lab1_shevtem\lab1_shevtem\lab1_shevtem.cpp(361): note: рекомендуется использовать "%I64d" в строке форматирования
g:\nure\3 курс\парп\parp_lab_1\lab1_shevtem\lab1_shevtem\lab1_shevtem.cpp(486): warning C4477: "wprintf": в строке форматирования "%d" требуется аргумент типа "int", но вариативный аргумент "3" имеет тип "time_t"
  g:\nure\3 курс\парп\parp_lab_1\lab1_shevtem\lab1_shevtem\lab1_shevtem.cpp(486): note: рекомендуется использовать "%lld" в строке форматирования
  g:\nure\3 курс\парп\parp_lab_1\lab1_shevtem\lab1_shevtem\lab1_shevtem.cpp(486): note: рекомендуется использовать "%I64d" в строке форматирования
g:\nure\3 курс\парп\parp_lab_1\lab1_shevtem\lab1_shevtem\lab1_shevtem.cpp(488): warning C4477: "wprintf": в строке форматирования "%d" требуется аргумент типа "int", но вариативный аргумент "3" имеет тип "time_t"
  g:\nure\3 курс\парп\parp_lab_1\lab1_shevtem\lab1_shevtem\lab1_shevtem.cpp(488): note: рекомендуется использовать "%lld" в строке форматирования
  g:\nure\3 курс\парп\parp_lab_1\lab1_shevtem\lab1_shevtem\lab1_shevtem.cpp(488): note: рекомендуется использовать "%I64d" в строке форматирования
g:\nure\3 курс\парп\parp_lab_1\lab1_shevtem\lab1_shevtem\lab1_shevtem.cpp(491): warning C4477: "wprintf": в строке форматирования "%d" требуется аргумент типа "int", но вариативный аргумент "3" имеет тип "time_t"
  g:\nure\3 курс\парп\parp_lab_1\lab1_shevtem\lab1_shevtem\lab1_shevtem.cpp(491): note: рекомендуется использовать "%lld" в строке форматирования
  g:\nure\3 курс\парп\parp_lab_1\lab1_shevtem\lab1_shevtem\lab1_shevtem.cpp(491): note: рекомендуется использовать "%I64d" в строке форматирования
g:\nure\3 курс\парп\parp_lab_1\lab1_shevtem\lab1_shevtem\lab1_shevtem.cpp(493): warning C4477: "wprintf": в строке форматирования "%d" требуется аргумент типа "int", но вариативный аргумент "3" имеет тип "time_t"
  g:\nure\3 курс\парп\parp_lab_1\lab1_shevtem\lab1_shevtem\lab1_shevtem.cpp(493): note: рекомендуется использовать "%lld" в строке форматирования
  g:\nure\3 курс\парп\parp_lab_1\lab1_shevtem\lab1_shevtem\lab1_shevtem.cpp(493): note: рекомендуется использовать "%I64d" в строке форматирования
  Matrix.cpp
  Создание кода
  42 of 45 functions (93.3%) were compiled, the rest were copied from previous compilation.
    0 functions were new in current compilation
    0 functions had inline decision re-evaluated but remain unchanged
  Создание кода завершено
  Lab1_ShevTem.vcxproj -> G:\NURE\3 курс\ПарП\ParP_Lab_1\Lab1_ShevTem\Release\Lab1_ShevTem.exe
